**********************************************************************************************************
2018-07-04 11:57:30,570 [org.springframework.test.context.support.DefaultTestContextBootstrapper]-[INFO] 
----------------------------------------------------------------------------------------------------------
Loaded default TestExecutionListener class names from location [META-INF/spring.factories]: [org.springframework.test.context.web.ServletTestExecutionListener, org.springframework.test.context.support.DirtiesContextBeforeModesTestExecutionListener, org.springframework.test.context.support.DependencyInjectionTestExecutionListener, org.springframework.test.context.support.DirtiesContextTestExecutionListener, org.springframework.test.context.transaction.TransactionalTestExecutionListener, org.springframework.test.context.jdbc.SqlScriptsTestExecutionListener]
----------------------------------------------------------------------------------------------------------
**********************************************************************************************************
2018-07-04 11:57:30,588 [org.springframework.test.context.support.DefaultTestContextBootstrapper]-[INFO] 
----------------------------------------------------------------------------------------------------------
Using TestExecutionListeners: [org.springframework.test.context.web.ServletTestExecutionListener@4dfa3a9d, org.springframework.test.context.support.DirtiesContextBeforeModesTestExecutionListener@6eebc39e, org.springframework.test.context.support.DependencyInjectionTestExecutionListener@464bee09, org.springframework.test.context.support.DirtiesContextTestExecutionListener@f6c48ac, org.springframework.test.context.transaction.TransactionalTestExecutionListener@13deb50e, org.springframework.test.context.jdbc.SqlScriptsTestExecutionListener@239963d8]
----------------------------------------------------------------------------------------------------------
**********************************************************************************************************
2018-07-04 11:57:30,763 [org.springframework.context.support.GenericApplicationContext]-[INFO] 
----------------------------------------------------------------------------------------------------------
Refreshing org.springframework.context.support.GenericApplicationContext@369f73a2: startup date [Wed Jul 04 11:57:30 CST 2018]; root of context hierarchy
----------------------------------------------------------------------------------------------------------
**********************************************************************************************************
2018-07-04 11:57:31,409 [com.mchange.v2.log.MLog]-[INFO] 
----------------------------------------------------------------------------------------------------------
MLog clients using slf4j logging.
----------------------------------------------------------------------------------------------------------
**********************************************************************************************************
2018-07-04 11:57:31,851 [com.mchange.v2.c3p0.C3P0Registry]-[INFO] 
----------------------------------------------------------------------------------------------------------
Initializing c3p0-0.9.5.2 [built 08-December-2015 22:06:04 -0800; debug? true; trace: 10]
----------------------------------------------------------------------------------------------------------
**********************************************************************************************************
2018-07-04 11:57:32,422 [com.mchange.v2.c3p0.impl.AbstractPoolBackedDataSource]-[INFO] 
----------------------------------------------------------------------------------------------------------
Initializing c3p0 pool... com.mchange.v2.c3p0.ComboPooledDataSource [ acquireIncrement -> 3, acquireRetryAttempts -> 30, acquireRetryDelay -> 1000, autoCommitOnClose -> false, automaticTestTable -> null, breakAfterAcquireFailure -> false, checkoutTimeout -> 0, connectionCustomizerClassName -> null, connectionTesterClassName -> com.mchange.v2.c3p0.impl.DefaultConnectionTester, contextClassLoaderSource -> caller, dataSourceName -> 1hge77l9wrl9byoz24buy|4da4253, debugUnreturnedConnectionStackTraces -> false, description -> null, driverClass -> com.microsoft.sqlserver.jdbc.SQLServerDriver, extensions -> {}, factoryClassLocation -> null, forceIgnoreUnresolvedTransactions -> false, forceSynchronousCheckins -> false, forceUseNamedDriverClass -> false, identityToken -> 1hge77l9wrl9byoz24buy|4da4253, idleConnectionTestPeriod -> 0, initialPoolSize -> 3, jdbcUrl -> jdbc:sqlserver://120.77.56.220:1433; DatabaseName=JBuild4D, maxAdministrativeTaskTime -> 0, maxConnectionAge -> 0, maxIdleTime -> 0, maxIdleTimeExcessConnections -> 0, maxPoolSize -> 15, maxStatements -> 0, maxStatementsPerConnection -> 0, minPoolSize -> 3, numHelperThreads -> 3, preferredTestQuery -> null, privilegeSpawnedThreads -> false, properties -> {user=******, password=******}, propertyCycle -> 0, statementCacheNumDeferredCloseThreads -> 0, testConnectionOnCheckin -> false, testConnectionOnCheckout -> false, unreturnedConnectionTimeout -> 0, userOverrides -> {}, usesTraditionalReflectiveProxies -> false ]
----------------------------------------------------------------------------------------------------------
**********************************************************************************************************
2018-07-04 11:57:33,096 [org.springframework.beans.factory.xml.XmlBeanDefinitionReader]-[INFO] 
----------------------------------------------------------------------------------------------------------
Loading XML bean definitions from class path resource [org/springframework/jdbc/support/sql-error-codes.xml]
----------------------------------------------------------------------------------------------------------
**********************************************************************************************************
2018-07-04 11:57:33,138 [org.springframework.jdbc.support.SQLErrorCodesFactory]-[INFO] 
----------------------------------------------------------------------------------------------------------
SQLErrorCodes loaded: [DB2, Derby, H2, HSQL, Informix, MS-SQL, MySQL, Oracle, PostgreSQL, Sybase, Hana]
----------------------------------------------------------------------------------------------------------
**********************************************************************************************************
2018-07-04 11:57:33,161 [org.springframework.context.support.GenericApplicationContext]-[INFO] 
----------------------------------------------------------------------------------------------------------
Closing org.springframework.context.support.GenericApplicationContext@369f73a2: startup date [Wed Jul 04 11:57:30 CST 2018]; root of context hierarchy
----------------------------------------------------------------------------------------------------------
**********************************************************************************************************
2018-07-04 11:57:56,006 [org.springframework.test.context.support.DefaultTestContextBootstrapper]-[INFO] 
----------------------------------------------------------------------------------------------------------
Loaded default TestExecutionListener class names from location [META-INF/spring.factories]: [org.springframework.test.context.web.ServletTestExecutionListener, org.springframework.test.context.support.DirtiesContextBeforeModesTestExecutionListener, org.springframework.test.context.support.DependencyInjectionTestExecutionListener, org.springframework.test.context.support.DirtiesContextTestExecutionListener, org.springframework.test.context.transaction.TransactionalTestExecutionListener, org.springframework.test.context.jdbc.SqlScriptsTestExecutionListener]
----------------------------------------------------------------------------------------------------------
**********************************************************************************************************
2018-07-04 11:57:56,027 [org.springframework.test.context.support.DefaultTestContextBootstrapper]-[INFO] 
----------------------------------------------------------------------------------------------------------
Using TestExecutionListeners: [org.springframework.test.context.web.ServletTestExecutionListener@4dfa3a9d, org.springframework.test.context.support.DirtiesContextBeforeModesTestExecutionListener@6eebc39e, org.springframework.test.context.support.DependencyInjectionTestExecutionListener@464bee09, org.springframework.test.context.support.DirtiesContextTestExecutionListener@f6c48ac, org.springframework.test.context.transaction.TransactionalTestExecutionListener@13deb50e, org.springframework.test.context.jdbc.SqlScriptsTestExecutionListener@239963d8]
----------------------------------------------------------------------------------------------------------
**********************************************************************************************************
2018-07-04 11:57:56,179 [org.springframework.context.support.GenericApplicationContext]-[INFO] 
----------------------------------------------------------------------------------------------------------
Refreshing org.springframework.context.support.GenericApplicationContext@369f73a2: startup date [Wed Jul 04 11:57:56 CST 2018]; root of context hierarchy
----------------------------------------------------------------------------------------------------------
**********************************************************************************************************
2018-07-04 11:57:56,632 [com.mchange.v2.log.MLog]-[INFO] 
----------------------------------------------------------------------------------------------------------
MLog clients using slf4j logging.
----------------------------------------------------------------------------------------------------------
**********************************************************************************************************
2018-07-04 11:57:57,214 [com.mchange.v2.c3p0.C3P0Registry]-[INFO] 
----------------------------------------------------------------------------------------------------------
Initializing c3p0-0.9.5.2 [built 08-December-2015 22:06:04 -0800; debug? true; trace: 10]
----------------------------------------------------------------------------------------------------------
**********************************************************************************************************
2018-07-04 11:57:57,833 [com.mchange.v2.c3p0.impl.AbstractPoolBackedDataSource]-[INFO] 
----------------------------------------------------------------------------------------------------------
Initializing c3p0 pool... com.mchange.v2.c3p0.ComboPooledDataSource [ acquireIncrement -> 3, acquireRetryAttempts -> 30, acquireRetryDelay -> 1000, autoCommitOnClose -> false, automaticTestTable -> null, breakAfterAcquireFailure -> false, checkoutTimeout -> 0, connectionCustomizerClassName -> null, connectionTesterClassName -> com.mchange.v2.c3p0.impl.DefaultConnectionTester, contextClassLoaderSource -> caller, dataSourceName -> 1hge77l9wrl9vfc1hk4rmr|4da4253, debugUnreturnedConnectionStackTraces -> false, description -> null, driverClass -> com.microsoft.sqlserver.jdbc.SQLServerDriver, extensions -> {}, factoryClassLocation -> null, forceIgnoreUnresolvedTransactions -> false, forceSynchronousCheckins -> false, forceUseNamedDriverClass -> false, identityToken -> 1hge77l9wrl9vfc1hk4rmr|4da4253, idleConnectionTestPeriod -> 0, initialPoolSize -> 3, jdbcUrl -> jdbc:sqlserver://120.77.56.220:1433; DatabaseName=JBuild4D, maxAdministrativeTaskTime -> 0, maxConnectionAge -> 0, maxIdleTime -> 0, maxIdleTimeExcessConnections -> 0, maxPoolSize -> 15, maxStatements -> 0, maxStatementsPerConnection -> 0, minPoolSize -> 3, numHelperThreads -> 3, preferredTestQuery -> null, privilegeSpawnedThreads -> false, properties -> {user=******, password=******}, propertyCycle -> 0, statementCacheNumDeferredCloseThreads -> 0, testConnectionOnCheckin -> false, testConnectionOnCheckout -> false, unreturnedConnectionTimeout -> 0, userOverrides -> {}, usesTraditionalReflectiveProxies -> false ]
----------------------------------------------------------------------------------------------------------
**********************************************************************************************************
2018-07-04 11:57:58,529 [org.springframework.beans.factory.xml.XmlBeanDefinitionReader]-[INFO] 
----------------------------------------------------------------------------------------------------------
Loading XML bean definitions from class path resource [org/springframework/jdbc/support/sql-error-codes.xml]
----------------------------------------------------------------------------------------------------------
**********************************************************************************************************
2018-07-04 11:57:58,568 [org.springframework.jdbc.support.SQLErrorCodesFactory]-[INFO] 
----------------------------------------------------------------------------------------------------------
SQLErrorCodes loaded: [DB2, Derby, H2, HSQL, Informix, MS-SQL, MySQL, Oracle, PostgreSQL, Sybase, Hana]
----------------------------------------------------------------------------------------------------------
**********************************************************************************************************
2018-07-04 11:57:58,592 [org.springframework.context.support.GenericApplicationContext]-[INFO] 
----------------------------------------------------------------------------------------------------------
Closing org.springframework.context.support.GenericApplicationContext@369f73a2: startup date [Wed Jul 04 11:57:56 CST 2018]; root of context hierarchy
----------------------------------------------------------------------------------------------------------
**********************************************************************************************************
2018-07-04 11:58:32,771 [org.springframework.test.context.support.DefaultTestContextBootstrapper]-[INFO] 
----------------------------------------------------------------------------------------------------------
Loaded default TestExecutionListener class names from location [META-INF/spring.factories]: [org.springframework.test.context.web.ServletTestExecutionListener, org.springframework.test.context.support.DirtiesContextBeforeModesTestExecutionListener, org.springframework.test.context.support.DependencyInjectionTestExecutionListener, org.springframework.test.context.support.DirtiesContextTestExecutionListener, org.springframework.test.context.transaction.TransactionalTestExecutionListener, org.springframework.test.context.jdbc.SqlScriptsTestExecutionListener]
----------------------------------------------------------------------------------------------------------
**********************************************************************************************************
2018-07-04 11:58:32,791 [org.springframework.test.context.support.DefaultTestContextBootstrapper]-[INFO] 
----------------------------------------------------------------------------------------------------------
Using TestExecutionListeners: [org.springframework.test.context.web.ServletTestExecutionListener@4dfa3a9d, org.springframework.test.context.support.DirtiesContextBeforeModesTestExecutionListener@6eebc39e, org.springframework.test.context.support.DependencyInjectionTestExecutionListener@464bee09, org.springframework.test.context.support.DirtiesContextTestExecutionListener@f6c48ac, org.springframework.test.context.transaction.TransactionalTestExecutionListener@13deb50e, org.springframework.test.context.jdbc.SqlScriptsTestExecutionListener@239963d8]
----------------------------------------------------------------------------------------------------------
**********************************************************************************************************
2018-07-04 11:58:32,920 [org.springframework.context.support.GenericApplicationContext]-[INFO] 
----------------------------------------------------------------------------------------------------------
Refreshing org.springframework.context.support.GenericApplicationContext@369f73a2: startup date [Wed Jul 04 11:58:32 CST 2018]; root of context hierarchy
----------------------------------------------------------------------------------------------------------
**********************************************************************************************************
2018-07-04 11:58:33,396 [com.mchange.v2.log.MLog]-[INFO] 
----------------------------------------------------------------------------------------------------------
MLog clients using slf4j logging.
----------------------------------------------------------------------------------------------------------
**********************************************************************************************************
2018-07-04 11:58:33,927 [com.mchange.v2.c3p0.C3P0Registry]-[INFO] 
----------------------------------------------------------------------------------------------------------
Initializing c3p0-0.9.5.2 [built 08-December-2015 22:06:04 -0800; debug? true; trace: 10]
----------------------------------------------------------------------------------------------------------
**********************************************************************************************************
2018-07-04 11:58:34,585 [com.mchange.v2.c3p0.impl.AbstractPoolBackedDataSource]-[INFO] 
----------------------------------------------------------------------------------------------------------
Initializing c3p0 pool... com.mchange.v2.c3p0.ComboPooledDataSource [ acquireIncrement -> 3, acquireRetryAttempts -> 30, acquireRetryDelay -> 1000, autoCommitOnClose -> false, automaticTestTable -> null, breakAfterAcquireFailure -> false, checkoutTimeout -> 0, connectionCustomizerClassName -> null, connectionTesterClassName -> com.mchange.v2.c3p0.impl.DefaultConnectionTester, contextClassLoaderSource -> caller, dataSourceName -> 1hge77l9wrlantr14udwel|4da4253, debugUnreturnedConnectionStackTraces -> false, description -> null, driverClass -> com.microsoft.sqlserver.jdbc.SQLServerDriver, extensions -> {}, factoryClassLocation -> null, forceIgnoreUnresolvedTransactions -> false, forceSynchronousCheckins -> false, forceUseNamedDriverClass -> false, identityToken -> 1hge77l9wrlantr14udwel|4da4253, idleConnectionTestPeriod -> 0, initialPoolSize -> 3, jdbcUrl -> jdbc:sqlserver://120.77.56.220:1433; DatabaseName=JBuild4D, maxAdministrativeTaskTime -> 0, maxConnectionAge -> 0, maxIdleTime -> 0, maxIdleTimeExcessConnections -> 0, maxPoolSize -> 15, maxStatements -> 0, maxStatementsPerConnection -> 0, minPoolSize -> 3, numHelperThreads -> 3, preferredTestQuery -> null, privilegeSpawnedThreads -> false, properties -> {user=******, password=******}, propertyCycle -> 0, statementCacheNumDeferredCloseThreads -> 0, testConnectionOnCheckin -> false, testConnectionOnCheckout -> false, unreturnedConnectionTimeout -> 0, userOverrides -> {}, usesTraditionalReflectiveProxies -> false ]
----------------------------------------------------------------------------------------------------------
**********************************************************************************************************
2018-07-04 11:58:35,354 [org.springframework.context.support.GenericApplicationContext]-[INFO] 
----------------------------------------------------------------------------------------------------------
Closing org.springframework.context.support.GenericApplicationContext@369f73a2: startup date [Wed Jul 04 11:58:32 CST 2018]; root of context hierarchy
----------------------------------------------------------------------------------------------------------
**********************************************************************************************************
2018-07-04 13:50:41,415 [org.springframework.test.context.support.DefaultTestContextBootstrapper]-[INFO] 
----------------------------------------------------------------------------------------------------------
Loaded default TestExecutionListener class names from location [META-INF/spring.factories]: [org.springframework.test.context.web.ServletTestExecutionListener, org.springframework.test.context.support.DirtiesContextBeforeModesTestExecutionListener, org.springframework.test.context.support.DependencyInjectionTestExecutionListener, org.springframework.test.context.support.DirtiesContextTestExecutionListener, org.springframework.test.context.transaction.TransactionalTestExecutionListener, org.springframework.test.context.jdbc.SqlScriptsTestExecutionListener]
----------------------------------------------------------------------------------------------------------
**********************************************************************************************************
2018-07-04 13:50:41,435 [org.springframework.test.context.support.DefaultTestContextBootstrapper]-[INFO] 
----------------------------------------------------------------------------------------------------------
Using TestExecutionListeners: [org.springframework.test.context.web.ServletTestExecutionListener@4dfa3a9d, org.springframework.test.context.support.DirtiesContextBeforeModesTestExecutionListener@6eebc39e, org.springframework.test.context.support.DependencyInjectionTestExecutionListener@464bee09, org.springframework.test.context.support.DirtiesContextTestExecutionListener@f6c48ac, org.springframework.test.context.transaction.TransactionalTestExecutionListener@13deb50e, org.springframework.test.context.jdbc.SqlScriptsTestExecutionListener@239963d8]
----------------------------------------------------------------------------------------------------------
**********************************************************************************************************
2018-07-04 13:50:41,563 [org.springframework.context.support.GenericApplicationContext]-[INFO] 
----------------------------------------------------------------------------------------------------------
Refreshing org.springframework.context.support.GenericApplicationContext@369f73a2: startup date [Wed Jul 04 13:50:41 CST 2018]; root of context hierarchy
----------------------------------------------------------------------------------------------------------
**********************************************************************************************************
2018-07-04 13:50:42,075 [com.mchange.v2.log.MLog]-[INFO] 
----------------------------------------------------------------------------------------------------------
MLog clients using slf4j logging.
----------------------------------------------------------------------------------------------------------
**********************************************************************************************************
2018-07-04 13:50:42,600 [com.mchange.v2.c3p0.C3P0Registry]-[INFO] 
----------------------------------------------------------------------------------------------------------
Initializing c3p0-0.9.5.2 [built 08-December-2015 22:06:04 -0800; debug? true; trace: 10]
----------------------------------------------------------------------------------------------------------
**********************************************************************************************************
2018-07-04 13:50:43,266 [com.mchange.v2.c3p0.impl.AbstractPoolBackedDataSource]-[INFO] 
----------------------------------------------------------------------------------------------------------
Initializing c3p0 pool... com.mchange.v2.c3p0.ComboPooledDataSource [ acquireIncrement -> 3, acquireRetryAttempts -> 30, acquireRetryDelay -> 1000, autoCommitOnClose -> false, automaticTestTable -> null, breakAfterAcquireFailure -> false, checkoutTimeout -> 0, connectionCustomizerClassName -> null, connectionTesterClassName -> com.mchange.v2.c3p0.impl.DefaultConnectionTester, contextClassLoaderSource -> caller, dataSourceName -> 1hge77l9wrpavpw10wctit|4da4253, debugUnreturnedConnectionStackTraces -> false, description -> null, driverClass -> com.microsoft.sqlserver.jdbc.SQLServerDriver, extensions -> {}, factoryClassLocation -> null, forceIgnoreUnresolvedTransactions -> false, forceSynchronousCheckins -> false, forceUseNamedDriverClass -> false, identityToken -> 1hge77l9wrpavpw10wctit|4da4253, idleConnectionTestPeriod -> 0, initialPoolSize -> 3, jdbcUrl -> jdbc:sqlserver://120.77.56.220:1433; DatabaseName=JBuild4D, maxAdministrativeTaskTime -> 0, maxConnectionAge -> 0, maxIdleTime -> 0, maxIdleTimeExcessConnections -> 0, maxPoolSize -> 15, maxStatements -> 0, maxStatementsPerConnection -> 0, minPoolSize -> 3, numHelperThreads -> 3, preferredTestQuery -> null, privilegeSpawnedThreads -> false, properties -> {user=******, password=******}, propertyCycle -> 0, statementCacheNumDeferredCloseThreads -> 0, testConnectionOnCheckin -> false, testConnectionOnCheckout -> false, unreturnedConnectionTimeout -> 0, userOverrides -> {}, usesTraditionalReflectiveProxies -> false ]
----------------------------------------------------------------------------------------------------------
**********************************************************************************************************
2018-07-04 13:50:44,072 [org.springframework.context.support.GenericApplicationContext]-[INFO] 
----------------------------------------------------------------------------------------------------------
Closing org.springframework.context.support.GenericApplicationContext@369f73a2: startup date [Wed Jul 04 13:50:41 CST 2018]; root of context hierarchy
----------------------------------------------------------------------------------------------------------
**********************************************************************************************************
2018-07-04 13:54:43,757 [org.springframework.test.context.support.DefaultTestContextBootstrapper]-[INFO] 
----------------------------------------------------------------------------------------------------------
Loaded default TestExecutionListener class names from location [META-INF/spring.factories]: [org.springframework.test.context.web.ServletTestExecutionListener, org.springframework.test.context.support.DirtiesContextBeforeModesTestExecutionListener, org.springframework.test.context.support.DependencyInjectionTestExecutionListener, org.springframework.test.context.support.DirtiesContextTestExecutionListener, org.springframework.test.context.transaction.TransactionalTestExecutionListener, org.springframework.test.context.jdbc.SqlScriptsTestExecutionListener]
----------------------------------------------------------------------------------------------------------
**********************************************************************************************************
2018-07-04 13:54:43,779 [org.springframework.test.context.support.DefaultTestContextBootstrapper]-[INFO] 
----------------------------------------------------------------------------------------------------------
Using TestExecutionListeners: [org.springframework.test.context.web.ServletTestExecutionListener@4dfa3a9d, org.springframework.test.context.support.DirtiesContextBeforeModesTestExecutionListener@6eebc39e, org.springframework.test.context.support.DependencyInjectionTestExecutionListener@464bee09, org.springframework.test.context.support.DirtiesContextTestExecutionListener@f6c48ac, org.springframework.test.context.transaction.TransactionalTestExecutionListener@13deb50e, org.springframework.test.context.jdbc.SqlScriptsTestExecutionListener@239963d8]
----------------------------------------------------------------------------------------------------------
**********************************************************************************************************
2018-07-04 13:54:43,931 [org.springframework.context.support.GenericApplicationContext]-[INFO] 
----------------------------------------------------------------------------------------------------------
Refreshing org.springframework.context.support.GenericApplicationContext@369f73a2: startup date [Wed Jul 04 13:54:43 CST 2018]; root of context hierarchy
----------------------------------------------------------------------------------------------------------
**********************************************************************************************************
2018-07-04 13:54:44,464 [com.mchange.v2.log.MLog]-[INFO] 
----------------------------------------------------------------------------------------------------------
MLog clients using slf4j logging.
----------------------------------------------------------------------------------------------------------
**********************************************************************************************************
2018-07-04 13:54:44,997 [com.mchange.v2.c3p0.C3P0Registry]-[INFO] 
----------------------------------------------------------------------------------------------------------
Initializing c3p0-0.9.5.2 [built 08-December-2015 22:06:04 -0800; debug? true; trace: 10]
----------------------------------------------------------------------------------------------------------
**********************************************************************************************************
2018-07-04 13:54:45,636 [com.mchange.v2.c3p0.impl.AbstractPoolBackedDataSource]-[INFO] 
----------------------------------------------------------------------------------------------------------
Initializing c3p0 pool... com.mchange.v2.c3p0.ComboPooledDataSource [ acquireIncrement -> 3, acquireRetryAttempts -> 30, acquireRetryDelay -> 1000, autoCommitOnClose -> false, automaticTestTable -> null, breakAfterAcquireFailure -> false, checkoutTimeout -> 0, connectionCustomizerClassName -> null, connectionTesterClassName -> com.mchange.v2.c3p0.impl.DefaultConnectionTester, contextClassLoaderSource -> caller, dataSourceName -> 1hge77l9wrpg2px1c8i0lt|4da4253, debugUnreturnedConnectionStackTraces -> false, description -> null, driverClass -> com.microsoft.sqlserver.jdbc.SQLServerDriver, extensions -> {}, factoryClassLocation -> null, forceIgnoreUnresolvedTransactions -> false, forceSynchronousCheckins -> false, forceUseNamedDriverClass -> false, identityToken -> 1hge77l9wrpg2px1c8i0lt|4da4253, idleConnectionTestPeriod -> 0, initialPoolSize -> 3, jdbcUrl -> jdbc:sqlserver://120.77.56.220:1433; DatabaseName=JBuild4D, maxAdministrativeTaskTime -> 0, maxConnectionAge -> 0, maxIdleTime -> 0, maxIdleTimeExcessConnections -> 0, maxPoolSize -> 15, maxStatements -> 0, maxStatementsPerConnection -> 0, minPoolSize -> 3, numHelperThreads -> 3, preferredTestQuery -> null, privilegeSpawnedThreads -> false, properties -> {user=******, password=******}, propertyCycle -> 0, statementCacheNumDeferredCloseThreads -> 0, testConnectionOnCheckin -> false, testConnectionOnCheckout -> false, unreturnedConnectionTimeout -> 0, userOverrides -> {}, usesTraditionalReflectiveProxies -> false ]
----------------------------------------------------------------------------------------------------------
**********************************************************************************************************
2018-07-04 13:54:46,411 [org.springframework.context.support.GenericApplicationContext]-[INFO] 
----------------------------------------------------------------------------------------------------------
Closing org.springframework.context.support.GenericApplicationContext@369f73a2: startup date [Wed Jul 04 13:54:43 CST 2018]; root of context hierarchy
----------------------------------------------------------------------------------------------------------
